00:00:00.004943 main     VirtualBox COM Server 6.1.18 r142142 win.amd64 (Jan  7 2021 15:32:19) release log
00:00:00.004961 main     Log opened 2021-01-29T16:25:11.156425700Z
00:00:00.004962 main     Build Type: release
00:00:00.004994 main     OS Product: Windows 10
00:00:00.004996 main     OS Release: 10.0.19042
00:00:00.004996 main     OS Service Pack: 
00:00:00.036421 main     DMI Product Name: Latitude 3470
00:00:00.053639 main     DMI Product Version: 
00:00:00.053652 main     Firmware type: UEFI
00:00:00.054061 main     Secure Boot: VERR_PRIVILEGE_NOT_HELD
00:00:00.054157 main     Host RAM: 8078MB (7.8GB) total, 2853MB (2.7GB) available
00:00:00.054176 main     Executable: C:\Program Files\Oracle\VirtualBox\VBoxSVC.exe
00:00:00.054177 main     Process ID: 13968
00:00:00.054178 main     Package type: WINDOWS_64BITS_GENERIC
00:00:00.250890          VirtualBox: object creation starts
00:00:00.251282          Home directory: 'C:\Users\veroi\.VirtualBox'
00:00:00.251435          Installed Drivers:
00:00:00.256593            C:\WINDOWS\system32\DRIVERS\VBoxDrv.sys (Version: 6.1.18.42142)
00:00:00.257097            C:\WINDOWS\system32\DRIVERS\VBoxUSBMon.sys (Version: 6.1.18.42142)
00:00:00.257549            C:\WINDOWS\system32\DRIVERS\VBoxNetAdp6.sys (Version: 6.1.18.42142)
00:00:00.257984            C:\WINDOWS\system32\DRIVERS\VBoxNetLwf.sys (Version: 6.1.18.42142)
00:00:00.261791          usbLibGetDevices: Starting USB device enumeration
00:00:00.266070          Getting USB descriptor (id 0) failed (dwErr=31) on hub USB#ROOT_HUB30#4&27b322db&0&0#{f18a0e88-c30c-11d0-8815-00a0c906bed8} port 5
00:00:00.266138          Getting USB descriptor (id 0) failed (dwErr=31) on hub USB#ROOT_HUB30#4&27b322db&0&0#{f18a0e88-c30c-11d0-8815-00a0c906bed8} port 6
00:00:00.266211          Getting USB descriptor (id 0) failed (dwErr=31) on hub USB#ROOT_HUB30#4&27b322db&0&0#{f18a0e88-c30c-11d0-8815-00a0c906bed8} port 8
00:00:00.269189          usbLibGetDevices: Found 5 USB devices, 0 captured
00:00:00.269715          USB: Unknown USB device detected (idVendor: 0x0bda, idProduct: 0x5683)
00:00:00.269794          USB: Unknown USB device detected (idVendor: 0x0cf3, idProduct: 0xe007)
00:00:00.309843          HostDnsMonitor: initializing
00:00:00.321146          HostDnsMonitor: updating information
00:00:00.321254          HostDnsMonitor: old information
00:00:00.321255            no server entries
00:00:00.321256            no domain set
00:00:00.321257            no search string entries
00:00:00.321257          HostDnsMonitor: new information
00:00:00.321258            server 1: 200.30.192.14
00:00:00.321259            server 2: 190.160.0.13
00:00:00.321259            server 3: 190.160.0.15
00:00:00.321260            no domain set
00:00:00.321260            no search string entries
00:00:00.407968          VD: VDInit finished with VINF_SUCCESS
00:00:00.410065          VirtualBox: object created
00:00:03.435562          Saving settings file "C:\Users\veroi\.VirtualBox\VirtualBox.xml" with version "1.12-windows"
00:00:03.633449          Saving settings file "C:\Users\veroi\.VirtualBox\VirtualBox.xml" with version "1.12-windows"
00:00:40.118515          Saving settings file "C:\Users\veroi\.VirtualBox\VirtualBox.xml" with version "1.12-windows"
00:03:07.787058 ExtPackInst ExtPack: Executing 'C:\Program Files\Oracle\VirtualBox\VBoxExtPackHelperApp.exe' '--display-info-hack' 'hwnd=0x1b078a' 'install' '--base-dir' 'C:\Program Files\Oracle\VirtualBox\ExtensionPacks' '--cert-dir' 'C:\Program Files\Oracle\VirtualBox\ExtPackCertificates' '--name' 'Oracle VM VirtualBox Extension Pack' '--tarball' 'C:/Users/veroi/Desktop/Hack/Oracle_VM_VirtualBox_Extension_Pack-6.1.18.vbox-extpack' '--sha-256' 'd609e35accff5c0819ca9be47de302abf094dc1b6d4c54da8fdda639671f267e'
00:03:15.167649 ExtPackInst ExtPack: enmReason=1 iStatus=0 stderr='rcExit=RTEXITCODE_SUCCESS
00:03:15.167653 ExtPackInst '
00:03:15.307533 ExtPackInst ExtPackManager: Found extension pack 'Oracle VM VirtualBox Extension Pack'.
00:03:15.351571 ExtPackInst ExtPackManager: Successfully installed extension pack 'Oracle VM VirtualBox Extension Pack'.
00:03:15.372810 ExtPackInst OCI: Local config file 'C:\Users\veroi\.VirtualBox\oci_config' does not exist
00:03:15.373181 ExtPackInst OCI: Original config file 'C:\Users\veroi\.oci\config' does not exist
00:03:15.373199 ExtPackInst OCI: Reading profiles finished with status ERROR_SUCCESS
00:03:15.391597 ExtPackInst ExtPack: Created cloud provider 'OCI' (hrc=ERROR_SUCCESS)
00:20:08.261801 dns-monitor HostDnsMonitor: updating information
00:20:08.261833 dns-monitor HostDnsMonitor: unchanged
00:23:52.001659 createBase Saving settings file "C:\Users\veroi\.VirtualBox\VirtualBox.xml" with version "1.12-windows"
00:23:52.490586          Saving settings file "C:\Users\veroi\VirtualBox VMs\Catalina\Catalina.vbox" with version "1.15-windows"
00:23:52.572145          Saving settings file "C:\Users\veroi\VirtualBox VMs\Catalina\Catalina.vbox" with version "1.15-windows"
00:23:52.647905          Saving settings file "C:\Users\veroi\.VirtualBox\VirtualBox.xml" with version "1.12-windows"
00:23:52.904481          Saving settings file "C:\Users\veroi\.VirtualBox\VirtualBox.xml" with version "1.12-windows"
00:23:53.083666          Saving settings file "C:\Users\veroi\VirtualBox VMs\Catalina\Catalina.vbox" with version "1.15-windows"
00:24:05.117737          Saving settings file "C:\Users\veroi\.VirtualBox\VirtualBox.xml" with version "1.12-windows"
00:24:05.160860          Saving settings file "C:\Users\veroi\.VirtualBox\VirtualBox.xml" with version "1.12-windows"
00:24:05.205122          Saving settings file "C:\Users\veroi\.VirtualBox\VirtualBox.xml" with version "1.12-windows"
00:24:05.293063          Saving settings file "C:\Users\veroi\.VirtualBox\VirtualBox.xml" with version "1.12-windows"
00:24:05.396994          Saving settings file "C:\Users\veroi\.VirtualBox\VirtualBox.xml" with version "1.12-windows"
00:43:40.892971 USBPROXY usbLibGetDevices: Starting USB device enumeration
00:43:40.897056 USBPROXY Getting USB descriptor (id 0) failed (dwErr=31) on hub USB#ROOT_HUB30#4&27b322db&0&0#{f18a0e88-c30c-11d0-8815-00a0c906bed8} port 5
00:43:40.897270 USBPROXY Getting USB descriptor (id 0) failed (dwErr=31) on hub USB#ROOT_HUB30#4&27b322db&0&0#{f18a0e88-c30c-11d0-8815-00a0c906bed8} port 6
00:43:40.897429 USBPROXY Getting USB descriptor (id 0) failed (dwErr=31) on hub USB#ROOT_HUB30#4&27b322db&0&0#{f18a0e88-c30c-11d0-8815-00a0c906bed8} port 8
00:43:40.897852 USBPROXY usbLibGetDevices: Found 5 USB devices, 0 captured
00:50:08.490152 dns-monitor HostDnsMonitor: updating information
00:50:08.490183 dns-monitor HostDnsMonitor: unchanged
01:10:04.934579          Saving settings file "C:\Users\veroi\VirtualBox VMs\Catalina\Catalina.vbox" with version "1.15-windows"
01:10:53.798405          Saving settings file "C:\Users\veroi\.VirtualBox\VirtualBox.xml" with version "1.12-windows"
01:10:53.906785          Saving settings file "C:\Users\veroi\.VirtualBox\VirtualBox.xml" with version "1.12-windows"
01:10:53.966234          Saving settings file "C:\Users\veroi\.VirtualBox\VirtualBox.xml" with version "1.12-windows"
01:10:54.039177          Saving settings file "C:\Users\veroi\.VirtualBox\VirtualBox.xml" with version "1.12-windows"
01:10:54.088253          Saving settings file "C:\Users\veroi\.VirtualBox\VirtualBox.xml" with version "1.12-windows"
01:10:54.127332          Saving settings file "C:\Users\veroi\.VirtualBox\VirtualBox.xml" with version "1.12-windows"
01:10:59.715962 main     VirtualBox: object deletion starts
01:10:59.730591 main     ERROR [COM]: aRC=VBOX_E_OBJECT_IN_USE (0x80bb000c) aIID={ad47ad09-787b-44ab-b343-a082a3f2dfb1} aComponent={MediumWrap} aText={Medium 'C:\Users\veroi\VirtualBox VMs\Catalina\Catalina.vdi' cannot be closed because it is still attached to 1 virtual machines}, preserve=false aResultDetail=0
01:10:59.937013 main     HostDnsMonitor: shutting down ...
01:10:59.937158 main     HostDnsMonitor: shut down
01:10:59.964008 Watcher  ERROR [COM]: aRC=E_ACCESSDENIED (0x80070005) aIID={d0a0163f-e254-4e5b-a1f2-011cf991c38d} aComponent={VirtualBoxWrap} aText={The object is not ready}, preserve=false aResultDetail=0
01:10:59.988653 main     VirtualBox: object deleted
